This file contains any messages produced by compilers while
running configure, to aid debugging if configure makes a mistake.

It was created by klish configure 1.6.1, which was
generated by GNU Autoconf 2.69.  Invocation command line was

  $ ./configure --host=arm-linux --enable-shared=no CFLAGS=-I./../../expat/lib

## --------- ##
## Platform. ##
## --------- ##

hostname = jiang
uname -m = i686
uname -r = 2.6.32-5-686
uname -s = Linux
uname -v = #1 SMP Sun May 6 04:01:19 UTC 2012

/usr/bin/uname -p = unknown
/bin/uname -X     = unknown

/bin/arch              = unknown
/usr/bin/arch -k       = unknown
/usr/convex/getsysinfo = unknown
/usr/bin/hostinfo      = unknown
/bin/machine           = unknown
/usr/bin/oslevel       = unknown
/bin/universe          = unknown

PATH: /usr/local/sbin
PATH: /usr/local/bin
PATH: /usr/sbin
PATH: /usr/bin
PATH: /sbin
PATH: /bin
PATH: /home/bobo/buildroot-2012.08/output/host/usr/bin


## ----------- ##
## Core tests. ##
## ----------- ##

configure:2438: checking for arm-linux-gcc
configure:2454: found /home/bobo/buildroot-2012.08/output/host/usr/bin/arm-linux-gcc
configure:2465: result: arm-linux-gcc
configure:2734: checking for C compiler version
configure:2743: arm-linux-gcc --version >&5
arm-linux-gcc (Buildroot 2012.08) 4.5.4
Copyright (C) 2010 Free Software Foundation, Inc.
This is free software; see the source for copying conditions.  There is NO
warranty; not even for MERCHANTABILITY or FITNESS FOR A PARTICULAR PURPOSE.

configure:2754: $? = 0
configure:2743: arm-linux-gcc -v >&5
Using built-in specs.
COLLECT_GCC=arm-linux-gcc
COLLECT_LTO_WRAPPER=/home/bobo/buildroot-2012.08/output/host/usr/libexec/gcc/arm-unknown-linux-uclibcgnueabi/4.5.4/lto-wrapper
Target: arm-unknown-linux-uclibcgnueabi
Configured with: /home/bobo/buildroot-2012.08/output/toolchain/gcc-4.5.4/configure --prefix=/home/bobo/buildroot-2012.08/output/host/usr --build=i686-pc-linux-gnu --host=i686-pc-linux-gnu --target=arm-unknown-linux-uclibcgnueabi --enable-languages=c --with-sysroot=/home/bobo/buildroot-2012.08/output/host/usr/arm-unknown-linux-uclibcgnueabi/sysroot --with-build-time-tools=/home/bobo/buildroot-2012.08/output/host/usr/arm-unknown-linux-uclibcgnueabi/bin --disable-__cxa_atexit --enable-target-optspace --disable-libquadmath --disable-libgomp --with-gnu-ld --disable-libssp --disable-multilib --enable-tls --enable-shared --with-gmp=/home/bobo/buildroot-2012.08/output/host/usr --with-mpfr=/home/bobo/buildroot-2012.08/output/host/usr --with-mpc=/home/bobo/buildroot-2012.08/output/host/usr --disable-nls --enable-threads --disable-decimal-float --with-float=soft --with-abi=aapcs-linux --with-arch=armv5te --with-tune=arm926ej-s --with-pkgversion='Buildroot 2012.08' --with-bugurl=http://bugs.buildroot.net/
Thread model: posix
gcc version 4.5.4 (Buildroot 2012.08) 
configure:2754: $? = 0
configure:2743: arm-linux-gcc -V >&5
arm-linux-gcc: '-V' option must have argument
configure:2754: $? = 1
configure:2743: arm-linux-gcc -qversion >&5
arm-linux-gcc: unrecognized option '-qversion'
arm-linux-gcc: no input files
configure:2754: $? = 1
configure:2774: checking whether the C compiler works
configure:2796: arm-linux-gcc -I./../../expat/lib   conftest.c  >&5
configure:2800: $? = 0
configure:2848: result: yes
configure:2851: checking for C compiler default output file name
configure:2853: result: a.out
configure:2859: checking for suffix of executables
configure:2866: arm-linux-gcc -o conftest -I./../../expat/lib   conftest.c  >&5
configure:2870: $? = 0
configure:2892: result: 
configure:2914: checking whether we are cross compiling
configure:2922: arm-linux-gcc -o conftest -I./../../expat/lib   conftest.c  >&5
configure:2926: $? = 0
configure:2933: ./conftest
./configure: line 2935: ./conftest: cannot execute binary file
configure:2937: $? = 126
configure:2952: result: yes
configure:2957: checking for suffix of object files
configure:2979: arm-linux-gcc -c -I./../../expat/lib  conftest.c >&5
configure:2983: $? = 0
configure:3004: result: o
configure:3008: checking whether we are using the GNU C compiler
configure:3027: arm-linux-gcc -c -I./../../expat/lib  conftest.c >&5
configure:3027: $? = 0
configure:3036: result: yes
configure:3045: checking whether arm-linux-gcc accepts -g
configure:3065: arm-linux-gcc -c -g  conftest.c >&5
configure:3065: $? = 0
configure:3106: result: yes
configure:3123: checking for arm-linux-gcc option to accept ISO C89
configure:3186: arm-linux-gcc  -c -I./../../expat/lib  conftest.c >&5
configure:3186: $? = 0
configure:3199: result: none needed
configure:3225: checking how to run the C preprocessor
configure:3256: arm-linux-gcc -E  conftest.c
configure:3256: $? = 0
configure:3270: arm-linux-gcc -E  conftest.c
conftest.c:9:28: fatal error: ac_nonexistent.h: No such file or directory
compilation terminated.
configure:3270: $? = 1
configure: failed program was:
| /* confdefs.h */
| #define PACKAGE_NAME "klish"
| #define PACKAGE_TARNAME "klish"
| #define PACKAGE_VERSION "1.6.1"
| #define PACKAGE_STRING "klish 1.6.1"
| #define PACKAGE_BUGREPORT "serj.kalichev at gmail dot com"
| #define PACKAGE_URL ""
| /* end confdefs.h.  */
| #include <ac_nonexistent.h>
configure:3295: result: arm-linux-gcc -E
configure:3315: arm-linux-gcc -E  conftest.c
configure:3315: $? = 0
configure:3329: arm-linux-gcc -E  conftest.c
conftest.c:9:28: fatal error: ac_nonexistent.h: No such file or directory
compilation terminated.
configure:3329: $? = 1
configure: failed program was:
| /* confdefs.h */
| #define PACKAGE_NAME "klish"
| #define PACKAGE_TARNAME "klish"
| #define PACKAGE_VERSION "1.6.1"
| #define PACKAGE_STRING "klish 1.6.1"
| #define PACKAGE_BUGREPORT "serj.kalichev at gmail dot com"
| #define PACKAGE_URL ""
| /* end confdefs.h.  */
| #include <ac_nonexistent.h>
configure:3358: checking for grep that handles long lines and -e
configure:3416: result: /bin/grep
configure:3421: checking for egrep
configure:3483: result: /bin/grep -E
configure:3488: checking for ANSI C header files
configure:3508: arm-linux-gcc -c -I./../../expat/lib  conftest.c >&5
configure:3508: $? = 0
configure:3592: result: yes
configure:3605: checking for sys/types.h
configure:3605: arm-linux-gcc -c -I./../../expat/lib  conftest.c >&5
configure:3605: $? = 0
configure:3605: result: yes
configure:3605: checking for sys/stat.h
configure:3605: arm-linux-gcc -c -I./../../expat/lib  conftest.c >&5
configure:3605: $? = 0
configure:3605: result: yes
configure:3605: checking for stdlib.h
configure:3605: arm-linux-gcc -c -I./../../expat/lib  conftest.c >&5
configure:3605: $? = 0
configure:3605: result: yes
configure:3605: checking for string.h
configure:3605: arm-linux-gcc -c -I./../../expat/lib  conftest.c >&5
configure:3605: $? = 0
configure:3605: result: yes
configure:3605: checking for memory.h
configure:3605: arm-linux-gcc -c -I./../../expat/lib  conftest.c >&5
configure:3605: $? = 0
configure:3605: result: yes
configure:3605: checking for strings.h
configure:3605: arm-linux-gcc -c -I./../../expat/lib  conftest.c >&5
configure:3605: $? = 0
configure:3605: result: yes
configure:3605: checking for inttypes.h
configure:3605: arm-linux-gcc -c -I./../../expat/lib  conftest.c >&5
configure:3605: $? = 0
configure:3605: result: yes
configure:3605: checking for stdint.h
configure:3605: arm-linux-gcc -c -I./../../expat/lib  conftest.c >&5
configure:3605: $? = 0
configure:3605: result: yes
configure:3605: checking for unistd.h
configure:3605: arm-linux-gcc -c -I./../../expat/lib  conftest.c >&5
configure:3605: $? = 0
configure:3605: result: yes
configure:3618: checking minix/config.h usability
configure:3618: arm-linux-gcc -c -I./../../expat/lib  conftest.c >&5
conftest.c:52:26: fatal error: minix/config.h: No such file or directory
compilation terminated.
configure:3618: $? = 1
configure: failed program was:
| /* confdefs.h */
| #define PACKAGE_NAME "klish"
| #define PACKAGE_TARNAME "klish"
| #define PACKAGE_VERSION "1.6.1"
| #define PACKAGE_STRING "klish 1.6.1"
| #define PACKAGE_BUGREPORT "serj.kalichev at gmail dot com"
| #define PACKAGE_URL ""
| #define STDC_HEADERS 1
| #define HAVE_SYS_TYPES_H 1
| #define HAVE_SYS_STAT_H 1
| #define HAVE_STDLIB_H 1
| #define HAVE_STRING_H 1
| #define HAVE_MEMORY_H 1
| #define HAVE_STRINGS_H 1
| #define HAVE_INTTYPES_H 1
| #define HAVE_STDINT_H 1
| #define HAVE_UNISTD_H 1
| /* end confdefs.h.  */
| #include <stdio.h>
| #ifdef HAVE_SYS_TYPES_H
| # include <sys/types.h>
| #endif
| #ifdef HAVE_SYS_STAT_H
| # include <sys/stat.h>
| #endif
| #ifdef STDC_HEADERS
| # include <stdlib.h>
| # include <stddef.h>
| #else
| # ifdef HAVE_STDLIB_H
| #  include <stdlib.h>
| # endif
| #endif
| #ifdef HAVE_STRING_H
| # if !defined STDC_HEADERS && defined HAVE_MEMORY_H
| #  include <memory.h>
| # endif
| # include <string.h>
| #endif
| #ifdef HAVE_STRINGS_H
| # include <strings.h>
| #endif
| #ifdef HAVE_INTTYPES_H
| # include <inttypes.h>
| #endif
| #ifdef HAVE_STDINT_H
| # include <stdint.h>
| #endif
| #ifdef HAVE_UNISTD_H
| # include <unistd.h>
| #endif
| #include <minix/config.h>
configure:3618: result: no
configure:3618: checking minix/config.h presence
configure:3618: arm-linux-gcc -E  conftest.c
conftest.c:19:26: fatal error: minix/config.h: No such file or directory
compilation terminated.
configure:3618: $? = 1
configure: failed program was:
| /* confdefs.h */
| #define PACKAGE_NAME "klish"
| #define PACKAGE_TARNAME "klish"
| #define PACKAGE_VERSION "1.6.1"
| #define PACKAGE_STRING "klish 1.6.1"
| #define PACKAGE_BUGREPORT "serj.kalichev at gmail dot com"
| #define PACKAGE_URL ""
| #define STDC_HEADERS 1
| #define HAVE_SYS_TYPES_H 1
| #define HAVE_SYS_STAT_H 1
| #define HAVE_STDLIB_H 1
| #define HAVE_STRING_H 1
| #define HAVE_MEMORY_H 1
| #define HAVE_STRINGS_H 1
| #define HAVE_INTTYPES_H 1
| #define HAVE_STDINT_H 1
| #define HAVE_UNISTD_H 1
| /* end confdefs.h.  */
| #include <minix/config.h>
configure:3618: result: no
configure:3618: checking for minix/config.h
configure:3618: result: no
configure:3639: checking whether it is safe to define __EXTENSIONS__
configure:3657: arm-linux-gcc -c -I./../../expat/lib  conftest.c >&5
configure:3657: $? = 0
configure:3664: result: yes
configure:3688: checking for arm-linux-gcc
configure:3715: result: arm-linux-gcc
configure:3984: checking for C compiler version
configure:3993: arm-linux-gcc --version >&5
arm-linux-gcc (Buildroot 2012.08) 4.5.4
Copyright (C) 2010 Free Software Foundation, Inc.
This is free software; see the source for copying conditions.  There is NO
warranty; not even for MERCHANTABILITY or FITNESS FOR A PARTICULAR PURPOSE.

configure:4004: $? = 0
configure:3993: arm-linux-gcc -v >&5
Using built-in specs.
COLLECT_GCC=arm-linux-gcc
COLLECT_LTO_WRAPPER=/home/bobo/buildroot-2012.08/output/host/usr/libexec/gcc/arm-unknown-linux-uclibcgnueabi/4.5.4/lto-wrapper
Target: arm-unknown-linux-uclibcgnueabi
Configured with: /home/bobo/buildroot-2012.08/output/toolchain/gcc-4.5.4/configure --prefix=/home/bobo/buildroot-2012.08/output/host/usr --build=i686-pc-linux-gnu --host=i686-pc-linux-gnu --target=arm-unknown-linux-uclibcgnueabi --enable-languages=c --with-sysroot=/home/bobo/buildroot-2012.08/output/host/usr/arm-unknown-linux-uclibcgnueabi/sysroot --with-build-time-tools=/home/bobo/buildroot-2012.08/output/host/usr/arm-unknown-linux-uclibcgnueabi/bin --disable-__cxa_atexit --enable-target-optspace --disable-libquadmath --disable-libgomp --with-gnu-ld --disable-libssp --disable-multilib --enable-tls --enable-shared --with-gmp=/home/bobo/buildroot-2012.08/output/host/usr --with-mpfr=/home/bobo/buildroot-2012.08/output/host/usr --with-mpc=/home/bobo/buildroot-2012.08/output/host/usr --disable-nls --enable-threads --disable-decimal-float --with-float=soft --with-abi=aapcs-linux --with-arch=armv5te --with-tune=arm926ej-s --with-pkgversion='Buildroot 2012.08' --with-bugurl=http://bugs.buildroot.net/
Thread model: posix
gcc version 4.5.4 (Buildroot 2012.08) 
configure:4004: $? = 0
configure:3993: arm-linux-gcc -V >&5
arm-linux-gcc: '-V' option must have argument
configure:4004: $? = 1
configure:3993: arm-linux-gcc -qversion >&5
arm-linux-gcc: unrecognized option '-qversion'
arm-linux-gcc: no input files
configure:4004: $? = 1
configure:4008: checking whether we are using the GNU C compiler
configure:4036: result: yes
configure:4045: checking whether arm-linux-gcc accepts -g
configure:4106: result: yes
configure:4123: checking for arm-linux-gcc option to accept ISO C89
configure:4199: result: none needed
configure:4223: checking build system type
configure:4237: result: i686-pc-linux-gnu
configure:4257: checking host system type
configure:4270: result: arm-unknown-linux-gnu
configure:4639: checking how to print strings
configure:4666: result: printf
configure:4687: checking for a sed that does not truncate output
configure:4751: result: /bin/sed
configure:4769: checking for fgrep
configure:4831: result: /bin/grep -F
configure:4866: checking for ld used by arm-linux-gcc
configure:4933: result: /home/bobo/buildroot-2012.08/output/host/usr/arm-unknown-linux-uclibcgnueabi/bin/ld
configure:4940: checking if the linker (/home/bobo/buildroot-2012.08/output/host/usr/arm-unknown-linux-uclibcgnueabi/bin/ld) is GNU ld
configure:4955: result: yes
configure:4967: checking for BSD- or MS-compatible name lister (nm)
configure:5016: result: /home/bobo/buildroot-2012.08/output/host/usr/bin/arm-linux-nm -B
configure:5146: checking the name lister (/home/bobo/buildroot-2012.08/output/host/usr/bin/arm-linux-nm -B) interface
configure:5153: arm-linux-gcc -c -I./../../expat/lib  conftest.c >&5
configure:5156: /home/bobo/buildroot-2012.08/output/host/usr/bin/arm-linux-nm -B "conftest.o"
configure:5159: output
00000000 B some_variable
configure:5166: result: BSD nm
configure:5169: checking whether ln -s works
configure:5173: result: yes
configure:5181: checking the maximum length of command line arguments
configure:5311: result: 1572864
configure:5328: checking whether the shell understands some XSI constructs
configure:5338: result: yes
configure:5342: checking whether the shell understands "+="
configure:5348: result: yes
configure:5383: checking how to convert i686-pc-linux-gnu file names to arm-unknown-linux-gnu format
configure:5423: result: func_convert_file_noop
configure:5430: checking how to convert i686-pc-linux-gnu file names to toolchain format
configure:5450: result: func_convert_file_noop
configure:5457: checking for /home/bobo/buildroot-2012.08/output/host/usr/arm-unknown-linux-uclibcgnueabi/bin/ld option to reload object files
configure:5464: result: -r
configure:5498: checking for arm-linux-objdump
configure:5525: result: objdump
configure:5594: checking how to recognize dependent libraries
configure:5796: result: pass_all
configure:5841: checking for arm-linux-dlltool
configure:5868: result: dlltool
configure:5938: checking how to associate runtime and link libraries
configure:5965: result: printf %s\n
configure:5981: checking for arm-linux-ar
configure:5997: found /home/bobo/buildroot-2012.08/output/host/usr/bin/arm-linux-ar
configure:6008: result: arm-linux-ar
configure:6089: checking for archiver @FILE support
configure:6106: arm-linux-gcc -c -I./../../expat/lib  conftest.c >&5
configure:6106: $? = 0
configure:6109: arm-linux-ar cru libconftest.a @conftest.lst >&5
configure:6112: $? = 0
configure:6117: arm-linux-ar cru libconftest.a @conftest.lst >&5
arm-linux-ar: conftest.o: No such file or directory
configure:6120: $? = 1
configure:6132: result: @
configure:6150: checking for arm-linux-strip
configure:6166: found /home/bobo/buildroot-2012.08/output/host/usr/bin/arm-linux-strip
configure:6177: result: arm-linux-strip
configure:6249: checking for arm-linux-ranlib
configure:6265: found /home/bobo/buildroot-2012.08/output/host/usr/bin/arm-linux-ranlib
configure:6276: result: arm-linux-ranlib
configure:6393: checking for gawk
configure:6409: found /usr/bin/gawk
configure:6420: result: gawk
configure:6460: checking command to parse /home/bobo/buildroot-2012.08/output/host/usr/bin/arm-linux-nm -B output from arm-linux-gcc object
configure:6580: arm-linux-gcc -c -I./../../expat/lib  conftest.c >&5
configure:6583: $? = 0
configure:6587: /home/bobo/buildroot-2012.08/output/host/usr/bin/arm-linux-nm -B conftest.o \| sed -n -e 's/^.*[ ]\([ABCDGIRSTW][ABCDGIRSTW]*\)[ ][ ]*\([_A-Za-z][_A-Za-z0-9]*\)$/\1 \2 \2/p' | sed '/ __gnu_lto/d' \> conftest.nm
configure:6590: $? = 0
configure:6656: arm-linux-gcc -o conftest -I./../../expat/lib   conftest.c conftstm.o >&5
configure:6659: $? = 0
configure:6697: result: ok
configure:6734: checking for sysroot
configure:6764: result: no
configure:6980: checking for arm-linux-mt
configure:7010: result: no
configure:7020: checking for mt
configure:7036: found /bin/mt
configure:7047: result: mt
configure:7059: WARNING: using cross tools not prefixed with host triplet
configure:7070: checking if mt is a manifest tool
configure:7076: mt '-?'
configure:7084: result: no
configure:7723: checking for dlfcn.h
configure:7723: arm-linux-gcc -c -I./../../expat/lib  conftest.c >&5
configure:7723: $? = 0
configure:7723: result: yes
configure:7927: checking for objdir
configure:7942: result: .libs
configure:8213: checking if arm-linux-gcc supports -fno-rtti -fno-exceptions
configure:8231: arm-linux-gcc -c -I./../../expat/lib  -fno-rtti -fno-exceptions conftest.c >&5
cc1: warning: command line option "-fno-rtti" is valid for C++/ObjC++ but not for C
configure:8235: $? = 0
configure:8248: result: no
configure:8575: checking for arm-linux-gcc option to produce PIC
configure:8582: result: -fPIC -DPIC
configure:8590: checking if arm-linux-gcc PIC flag -fPIC -DPIC works
configure:8608: arm-linux-gcc -c -I./../../expat/lib  -fPIC -DPIC -DPIC conftest.c >&5
configure:8612: $? = 0
configure:8625: result: yes
configure:8654: checking if arm-linux-gcc static flag -static works
configure:8682: result: yes
configure:8697: checking if arm-linux-gcc supports -c -o file.o
configure:8718: arm-linux-gcc -c -I./../../expat/lib  -o out/conftest2.o conftest.c >&5
configure:8722: $? = 0
configure:8744: result: yes
configure:8752: checking if arm-linux-gcc supports -c -o file.o
configure:8799: result: yes
configure:8832: checking whether the arm-linux-gcc linker (/home/bobo/buildroot-2012.08/output/host/usr/arm-unknown-linux-uclibcgnueabi/bin/ld) supports shared libraries
configure:9985: result: yes
configure:10225: checking dynamic linker characteristics
configure:10736: arm-linux-gcc -o conftest -I./../../expat/lib   -Wl,-rpath -Wl,/foo conftest.c  >&5
configure:10736: $? = 0
configure:10958: result: GNU/Linux ld.so
configure:11065: checking how to hardcode library paths into programs
configure:11090: result: immediate
configure:11630: checking whether stripping libraries is possible
configure:11635: result: yes
configure:11670: checking if libtool supports shared libraries
configure:11672: result: yes
configure:11675: checking whether to build shared libraries
configure:11696: result: no
configure:11699: checking whether to build static libraries
configure:11703: result: yes
configure:11759: checking for a BSD-compatible install
configure:11827: result: /usr/bin/install -c
configure:11838: checking whether build environment is sane
configure:11893: result: yes
configure:11952: checking for arm-linux-strip
configure:11979: result: arm-linux-strip
configure:12044: checking for a thread-safe mkdir -p
configure:12083: result: /bin/mkdir -p
configure:12086: checking whether make sets $(MAKE)
configure:12108: result: yes
configure:12138: checking for style of include used by make
configure:12166: result: GNU
configure:12258: checking dependency style of arm-linux-gcc
configure:12369: result: gcc3
configure:12386: checking whether arm-linux-gcc and cc understand -c and -o together
configure:12417: arm-linux-gcc -c conftest.c -o conftest2.o >&5
configure:12421: $? = 0
configure:12427: arm-linux-gcc -c conftest.c -o conftest2.o >&5
configure:12431: $? = 0
configure:12442: cc -c conftest.c >&5
configure:12446: $? = 0
configure:12454: cc -c conftest.c -o conftest2.o >&5
configure:12458: $? = 0
configure:12464: cc -c conftest.c -o conftest2.o >&5
configure:12468: $? = 0
configure:12486: result: yes
configure:12517: checking size of int
configure:12522: arm-linux-gcc -c -I./../../expat/lib  conftest.c >&5
configure:12522: $? = 0
configure:12522: arm-linux-gcc -c -I./../../expat/lib  conftest.c >&5
conftest.c: In function 'main':
conftest.c:64:12: error: size of array 'test_array' is negative
configure:12522: $? = 1
configure: failed program was:
| /* confdefs.h */
| #define PACKAGE_NAME "klish"
| #define PACKAGE_TARNAME "klish"
| #define PACKAGE_VERSION "1.6.1"
| #define PACKAGE_STRING "klish 1.6.1"
| #define PACKAGE_BUGREPORT "serj.kalichev at gmail dot com"
| #define PACKAGE_URL ""
| #define STDC_HEADERS 1
| #define HAVE_SYS_TYPES_H 1
| #define HAVE_SYS_STAT_H 1
| #define HAVE_STDLIB_H 1
| #define HAVE_STRING_H 1
| #define HAVE_MEMORY_H 1
| #define HAVE_STRINGS_H 1
| #define HAVE_INTTYPES_H 1
| #define HAVE_STDINT_H 1
| #define HAVE_UNISTD_H 1
| #define __EXTENSIONS__ 1
| #define _ALL_SOURCE 1
| #define _GNU_SOURCE 1
| #define _POSIX_PTHREAD_SEMANTICS 1
| #define _TANDEM_SOURCE 1
| #define HAVE_DLFCN_H 1
| #define LT_OBJDIR ".libs/"
| #define PACKAGE "klish"
| #define VERSION "1.6.1"
| /* end confdefs.h.  */
| #include <stdio.h>
| #ifdef HAVE_SYS_TYPES_H
| # include <sys/types.h>
| #endif
| #ifdef HAVE_SYS_STAT_H
| # include <sys/stat.h>
| #endif
| #ifdef STDC_HEADERS
| # include <stdlib.h>
| # include <stddef.h>
| #else
| # ifdef HAVE_STDLIB_H
| #  include <stdlib.h>
| # endif
| #endif
| #ifdef HAVE_STRING_H
| # if !defined STDC_HEADERS && defined HAVE_MEMORY_H
| #  include <memory.h>
| # endif
| # include <string.h>
| #endif
| #ifdef HAVE_STRINGS_H
| # include <strings.h>
| #endif
| #ifdef HAVE_INTTYPES_H
| # include <inttypes.h>
| #endif
| #ifdef HAVE_STDINT_H
| # include <stdint.h>
| #endif
| #ifdef HAVE_UNISTD_H
| # include <unistd.h>
| #endif
| int
| main ()
| {
| static int test_array [1 - 2 * !(((long int) (sizeof (int))) <= 0)];
| test_array [0] = 0;
| return test_array [0];
| 
|   ;
|   return 0;
| }
configure:12522: arm-linux-gcc -c -I./../../expat/lib  conftest.c >&5
conftest.c: In function 'main':
conftest.c:64:12: error: size of array 'test_array' is negative
configure:12522: $? = 1
configure: failed program was:
| /* confdefs.h */
| #define PACKAGE_NAME "klish"
| #define PACKAGE_TARNAME "klish"
| #define PACKAGE_VERSION "1.6.1"
| #define PACKAGE_STRING "klish 1.6.1"
| #define PACKAGE_BUGREPORT "serj.kalichev at gmail dot com"
| #define PACKAGE_URL ""
| #define STDC_HEADERS 1
| #define HAVE_SYS_TYPES_H 1
| #define HAVE_SYS_STAT_H 1
| #define HAVE_STDLIB_H 1
| #define HAVE_STRING_H 1
| #define HAVE_MEMORY_H 1
| #define HAVE_STRINGS_H 1
| #define HAVE_INTTYPES_H 1
| #define HAVE_STDINT_H 1
| #define HAVE_UNISTD_H 1
| #define __EXTENSIONS__ 1
| #define _ALL_SOURCE 1
| #define _GNU_SOURCE 1
| #define _POSIX_PTHREAD_SEMANTICS 1
| #define _TANDEM_SOURCE 1
| #define HAVE_DLFCN_H 1
| #define LT_OBJDIR ".libs/"
| #define PACKAGE "klish"
| #define VERSION "1.6.1"
| /* end confdefs.h.  */
| #include <stdio.h>
| #ifdef HAVE_SYS_TYPES_H
| # include <sys/types.h>
| #endif
| #ifdef HAVE_SYS_STAT_H
| # include <sys/stat.h>
| #endif
| #ifdef STDC_HEADERS
| # include <stdlib.h>
| # include <stddef.h>
| #else
| # ifdef HAVE_STDLIB_H
| #  include <stdlib.h>
| # endif
| #endif
| #ifdef HAVE_STRING_H
| # if !defined STDC_HEADERS && defined HAVE_MEMORY_H
| #  include <memory.h>
| # endif
| # include <string.h>
| #endif
| #ifdef HAVE_STRINGS_H
| # include <strings.h>
| #endif
| #ifdef HAVE_INTTYPES_H
| # include <inttypes.h>
| #endif
| #ifdef HAVE_STDINT_H
| # include <stdint.h>
| #endif
| #ifdef HAVE_UNISTD_H
| # include <unistd.h>
| #endif
| int
| main ()
| {
| static int test_array [1 - 2 * !(((long int) (sizeof (int))) <= 1)];
| test_array [0] = 0;
| return test_array [0];
| 
|   ;
|   return 0;
| }
configure:12522: arm-linux-gcc -c -I./../../expat/lib  conftest.c >&5
conftest.c: In function 'main':
conftest.c:64:12: error: size of array 'test_array' is negative
configure:12522: $? = 1
configure: failed program was:
| /* confdefs.h */
| #define PACKAGE_NAME "klish"
| #define PACKAGE_TARNAME "klish"
| #define PACKAGE_VERSION "1.6.1"
| #define PACKAGE_STRING "klish 1.6.1"
| #define PACKAGE_BUGREPORT "serj.kalichev at gmail dot com"
| #define PACKAGE_URL ""
| #define STDC_HEADERS 1
| #define HAVE_SYS_TYPES_H 1
| #define HAVE_SYS_STAT_H 1
| #define HAVE_STDLIB_H 1
| #define HAVE_STRING_H 1
| #define HAVE_MEMORY_H 1
| #define HAVE_STRINGS_H 1
| #define HAVE_INTTYPES_H 1
| #define HAVE_STDINT_H 1
| #define HAVE_UNISTD_H 1
| #define __EXTENSIONS__ 1
| #define _ALL_SOURCE 1
| #define _GNU_SOURCE 1
| #define _POSIX_PTHREAD_SEMANTICS 1
| #define _TANDEM_SOURCE 1
| #define HAVE_DLFCN_H 1
| #define LT_OBJDIR ".libs/"
| #define PACKAGE "klish"
| #define VERSION "1.6.1"
| /* end confdefs.h.  */
| #include <stdio.h>
| #ifdef HAVE_SYS_TYPES_H
| # include <sys/types.h>
| #endif
| #ifdef HAVE_SYS_STAT_H
| # include <sys/stat.h>
| #endif
| #ifdef STDC_HEADERS
| # include <stdlib.h>
| # include <stddef.h>
| #else
| # ifdef HAVE_STDLIB_H
| #  include <stdlib.h>
| # endif
| #endif
| #ifdef HAVE_STRING_H
| # if !defined STDC_HEADERS && defined HAVE_MEMORY_H
| #  include <memory.h>
| # endif
| # include <string.h>
| #endif
| #ifdef HAVE_STRINGS_H
| # include <strings.h>
| #endif
| #ifdef HAVE_INTTYPES_H
| # include <inttypes.h>
| #endif
| #ifdef HAVE_STDINT_H
| # include <stdint.h>
| #endif
| #ifdef HAVE_UNISTD_H
| # include <unistd.h>
| #endif
| int
| main ()
| {
| static int test_array [1 - 2 * !(((long int) (sizeof (int))) <= 3)];
| test_array [0] = 0;
| return test_array [0];
| 
|   ;
|   return 0;
| }
configure:12522: arm-linux-gcc -c -I./../../expat/lib  conftest.c >&5
configure:12522: $? = 0
configure:12522: arm-linux-gcc -c -I./../../expat/lib  conftest.c >&5
configure:12522: $? = 0
configure:12522: arm-linux-gcc -c -I./../../expat/lib  conftest.c >&5
configure:12522: $? = 0
configure:12536: result: 4
configure:12550: checking size of long
configure:12555: arm-linux-gcc -c -I./../../expat/lib  conftest.c >&5
configure:12555: $? = 0
configure:12555: arm-linux-gcc -c -I./../../expat/lib  conftest.c >&5
conftest.c: In function 'main':
conftest.c:65:12: error: size of array 'test_array' is negative
configure:12555: $? = 1
configure: failed program was:
| /* confdefs.h */
| #define PACKAGE_NAME "klish"
| #define PACKAGE_TARNAME "klish"
| #define PACKAGE_VERSION "1.6.1"
| #define PACKAGE_STRING "klish 1.6.1"
| #define PACKAGE_BUGREPORT "serj.kalichev at gmail dot com"
| #define PACKAGE_URL ""
| #define STDC_HEADERS 1
| #define HAVE_SYS_TYPES_H 1
| #define HAVE_SYS_STAT_H 1
| #define HAVE_STDLIB_H 1
| #define HAVE_STRING_H 1
| #define HAVE_MEMORY_H 1
| #define HAVE_STRINGS_H 1
| #define HAVE_INTTYPES_H 1
| #define HAVE_STDINT_H 1
| #define HAVE_UNISTD_H 1
| #define __EXTENSIONS__ 1
| #define _ALL_SOURCE 1
| #define _GNU_SOURCE 1
| #define _POSIX_PTHREAD_SEMANTICS 1
| #define _TANDEM_SOURCE 1
| #define HAVE_DLFCN_H 1
| #define LT_OBJDIR ".libs/"
| #define PACKAGE "klish"
| #define VERSION "1.6.1"
| #define SIZEOF_INT 4
| /* end confdefs.h.  */
| #include <stdio.h>
| #ifdef HAVE_SYS_TYPES_H
| # include <sys/types.h>
| #endif
| #ifdef HAVE_SYS_STAT_H
| # include <sys/stat.h>
| #endif
| #ifdef STDC_HEADERS
| # include <stdlib.h>
| # include <stddef.h>
| #else
| # ifdef HAVE_STDLIB_H
| #  include <stdlib.h>
| # endif
| #endif
| #ifdef HAVE_STRING_H
| # if !defined STDC_HEADERS && defined HAVE_MEMORY_H
| #  include <memory.h>
| # endif
| # include <string.h>
| #endif
| #ifdef HAVE_STRINGS_H
| # include <strings.h>
| #endif
| #ifdef HAVE_INTTYPES_H
| # include <inttypes.h>
| #endif
| #ifdef HAVE_STDINT_H
| # include <stdint.h>
| #endif
| #ifdef HAVE_UNISTD_H
| # include <unistd.h>
| #endif
| int
| main ()
| {
| static int test_array [1 - 2 * !(((long int) (sizeof (long))) <= 0)];
| test_array [0] = 0;
| return test_array [0];
| 
|   ;
|   return 0;
| }
configure:12555: arm-linux-gcc -c -I./../../expat/lib  conftest.c >&5
conftest.c: In function 'main':
conftest.c:65:12: error: size of array 'test_array' is negative
configure:12555: $? = 1
configure: failed program was:
| /* confdefs.h */
| #define PACKAGE_NAME "klish"
| #define PACKAGE_TARNAME "klish"
| #define PACKAGE_VERSION "1.6.1"
| #define PACKAGE_STRING "klish 1.6.1"
| #define PACKAGE_BUGREPORT "serj.kalichev at gmail dot com"
| #define PACKAGE_URL ""
| #define STDC_HEADERS 1
| #define HAVE_SYS_TYPES_H 1
| #define HAVE_SYS_STAT_H 1
| #define HAVE_STDLIB_H 1
| #define HAVE_STRING_H 1
| #define HAVE_MEMORY_H 1
| #define HAVE_STRINGS_H 1
| #define HAVE_INTTYPES_H 1
| #define HAVE_STDINT_H 1
| #define HAVE_UNISTD_H 1
| #define __EXTENSIONS__ 1
| #define _ALL_SOURCE 1
| #define _GNU_SOURCE 1
| #define _POSIX_PTHREAD_SEMANTICS 1
| #define _TANDEM_SOURCE 1
| #define HAVE_DLFCN_H 1
| #define LT_OBJDIR ".libs/"
| #define PACKAGE "klish"
| #define VERSION "1.6.1"
| #define SIZEOF_INT 4
| /* end confdefs.h.  */
| #include <stdio.h>
| #ifdef HAVE_SYS_TYPES_H
| # include <sys/types.h>
| #endif
| #ifdef HAVE_SYS_STAT_H
| # include <sys/stat.h>
| #endif
| #ifdef STDC_HEADERS
| # include <stdlib.h>
| # include <stddef.h>
| #else
| # ifdef HAVE_STDLIB_H
| #  include <stdlib.h>
| # endif
| #endif
| #ifdef HAVE_STRING_H
| # if !defined STDC_HEADERS && defined HAVE_MEMORY_H
| #  include <memory.h>
| # endif
| # include <string.h>
| #endif
| #ifdef HAVE_STRINGS_H
| # include <strings.h>
| #endif
| #ifdef HAVE_INTTYPES_H
| # include <inttypes.h>
| #endif
| #ifdef HAVE_STDINT_H
| # include <stdint.h>
| #endif
| #ifdef HAVE_UNISTD_H
| # include <unistd.h>
| #endif
| int
| main ()
| {
| static int test_array [1 - 2 * !(((long int) (sizeof (long))) <= 1)];
| test_array [0] = 0;
| return test_array [0];
| 
|   ;
|   return 0;
| }
configure:12555: arm-linux-gcc -c -I./../../expat/lib  conftest.c >&5
conftest.c: In function 'main':
conftest.c:65:12: error: size of array 'test_array' is negative
configure:12555: $? = 1
configure: failed program was:
| /* confdefs.h */
| #define PACKAGE_NAME "klish"
| #define PACKAGE_TARNAME "klish"
| #define PACKAGE_VERSION "1.6.1"
| #define PACKAGE_STRING "klish 1.6.1"
| #define PACKAGE_BUGREPORT "serj.kalichev at gmail dot com"
| #define PACKAGE_URL ""
| #define STDC_HEADERS 1
| #define HAVE_SYS_TYPES_H 1
| #define HAVE_SYS_STAT_H 1
| #define HAVE_STDLIB_H 1
| #define HAVE_STRING_H 1
| #define HAVE_MEMORY_H 1
| #define HAVE_STRINGS_H 1
| #define HAVE_INTTYPES_H 1
| #define HAVE_STDINT_H 1
| #define HAVE_UNISTD_H 1
| #define __EXTENSIONS__ 1
| #define _ALL_SOURCE 1
| #define _GNU_SOURCE 1
| #define _POSIX_PTHREAD_SEMANTICS 1
| #define _TANDEM_SOURCE 1
| #define HAVE_DLFCN_H 1
| #define LT_OBJDIR ".libs/"
| #define PACKAGE "klish"
| #define VERSION "1.6.1"
| #define SIZEOF_INT 4
| /* end confdefs.h.  */
| #include <stdio.h>
| #ifdef HAVE_SYS_TYPES_H
| # include <sys/types.h>
| #endif
| #ifdef HAVE_SYS_STAT_H
| # include <sys/stat.h>
| #endif
| #ifdef STDC_HEADERS
| # include <stdlib.h>
| # include <stddef.h>
| #else
| # ifdef HAVE_STDLIB_H
| #  include <stdlib.h>
| # endif
| #endif
| #ifdef HAVE_STRING_H
| # if !defined STDC_HEADERS && defined HAVE_MEMORY_H
| #  include <memory.h>
| # endif
| # include <string.h>
| #endif
| #ifdef HAVE_STRINGS_H
| # include <strings.h>
| #endif
| #ifdef HAVE_INTTYPES_H
| # include <inttypes.h>
| #endif
| #ifdef HAVE_STDINT_H
| # include <stdint.h>
| #endif
| #ifdef HAVE_UNISTD_H
| # include <unistd.h>
| #endif
| int
| main ()
| {
| static int test_array [1 - 2 * !(((long int) (sizeof (long))) <= 3)];
| test_array [0] = 0;
| return test_array [0];
| 
|   ;
|   return 0;
| }
configure:12555: arm-linux-gcc -c -I./../../expat/lib  conftest.c >&5
configure:12555: $? = 0
configure:12555: arm-linux-gcc -c -I./../../expat/lib  conftest.c >&5
configure:12555: $? = 0
configure:12555: arm-linux-gcc -c -I./../../expat/lib  conftest.c >&5
configure:12555: $? = 0
configure:12569: result: 4
configure:12583: checking size of size_t
configure:12588: arm-linux-gcc -c -I./../../expat/lib  conftest.c >&5
configure:12588: $? = 0
configure:12588: arm-linux-gcc -c -I./../../expat/lib  conftest.c >&5
conftest.c: In function 'main':
conftest.c:66:12: error: size of array 'test_array' is negative
configure:12588: $? = 1
configure: failed program was:
| /* confdefs.h */
| #define PACKAGE_NAME "klish"
| #define PACKAGE_TARNAME "klish"
| #define PACKAGE_VERSION "1.6.1"
| #define PACKAGE_STRING "klish 1.6.1"
| #define PACKAGE_BUGREPORT "serj.kalichev at gmail dot com"
| #define PACKAGE_URL ""
| #define STDC_HEADERS 1
| #define HAVE_SYS_TYPES_H 1
| #define HAVE_SYS_STAT_H 1
| #define HAVE_STDLIB_H 1
| #define HAVE_STRING_H 1
| #define HAVE_MEMORY_H 1
| #define HAVE_STRINGS_H 1
| #define HAVE_INTTYPES_H 1
| #define HAVE_STDINT_H 1
| #define HAVE_UNISTD_H 1
| #define __EXTENSIONS__ 1
| #define _ALL_SOURCE 1
| #define _GNU_SOURCE 1
| #define _POSIX_PTHREAD_SEMANTICS 1
| #define _TANDEM_SOURCE 1
| #define HAVE_DLFCN_H 1
| #define LT_OBJDIR ".libs/"
| #define PACKAGE "klish"
| #define VERSION "1.6.1"
| #define SIZEOF_INT 4
| #define SIZEOF_LONG 4
| /* end confdefs.h.  */
| #include <stdio.h>
| #ifdef HAVE_SYS_TYPES_H
| # include <sys/types.h>
| #endif
| #ifdef HAVE_SYS_STAT_H
| # include <sys/stat.h>
| #endif
| #ifdef STDC_HEADERS
| # include <stdlib.h>
| # include <stddef.h>
| #else
| # ifdef HAVE_STDLIB_H
| #  include <stdlib.h>
| # endif
| #endif
| #ifdef HAVE_STRING_H
| # if !defined STDC_HEADERS && defined HAVE_MEMORY_H
| #  include <memory.h>
| # endif
| # include <string.h>
| #endif
| #ifdef HAVE_STRINGS_H
| # include <strings.h>
| #endif
| #ifdef HAVE_INTTYPES_H
| # include <inttypes.h>
| #endif
| #ifdef HAVE_STDINT_H
| # include <stdint.h>
| #endif
| #ifdef HAVE_UNISTD_H
| # include <unistd.h>
| #endif
| int
| main ()
| {
| static int test_array [1 - 2 * !(((long int) (sizeof (size_t))) <= 0)];
| test_array [0] = 0;
| return test_array [0];
| 
|   ;
|   return 0;
| }
configure:12588: arm-linux-gcc -c -I./../../expat/lib  conftest.c >&5
conftest.c: In function 'main':
conftest.c:66:12: error: size of array 'test_array' is negative
configure:12588: $? = 1
configure: failed program was:
| /* confdefs.h */
| #define PACKAGE_NAME "klish"
| #define PACKAGE_TARNAME "klish"
| #define PACKAGE_VERSION "1.6.1"
| #define PACKAGE_STRING "klish 1.6.1"
| #define PACKAGE_BUGREPORT "serj.kalichev at gmail dot com"
| #define PACKAGE_URL ""
| #define STDC_HEADERS 1
| #define HAVE_SYS_TYPES_H 1
| #define HAVE_SYS_STAT_H 1
| #define HAVE_STDLIB_H 1
| #define HAVE_STRING_H 1
| #define HAVE_MEMORY_H 1
| #define HAVE_STRINGS_H 1
| #define HAVE_INTTYPES_H 1
| #define HAVE_STDINT_H 1
| #define HAVE_UNISTD_H 1
| #define __EXTENSIONS__ 1
| #define _ALL_SOURCE 1
| #define _GNU_SOURCE 1
| #define _POSIX_PTHREAD_SEMANTICS 1
| #define _TANDEM_SOURCE 1
| #define HAVE_DLFCN_H 1
| #define LT_OBJDIR ".libs/"
| #define PACKAGE "klish"
| #define VERSION "1.6.1"
| #define SIZEOF_INT 4
| #define SIZEOF_LONG 4
| /* end confdefs.h.  */
| #include <stdio.h>
| #ifdef HAVE_SYS_TYPES_H
| # include <sys/types.h>
| #endif
| #ifdef HAVE_SYS_STAT_H
| # include <sys/stat.h>
| #endif
| #ifdef STDC_HEADERS
| # include <stdlib.h>
| # include <stddef.h>
| #else
| # ifdef HAVE_STDLIB_H
| #  include <stdlib.h>
| # endif
| #endif
| #ifdef HAVE_STRING_H
| # if !defined STDC_HEADERS && defined HAVE_MEMORY_H
| #  include <memory.h>
| # endif
| # include <string.h>
| #endif
| #ifdef HAVE_STRINGS_H
| # include <strings.h>
| #endif
| #ifdef HAVE_INTTYPES_H
| # include <inttypes.h>
| #endif
| #ifdef HAVE_STDINT_H
| # include <stdint.h>
| #endif
| #ifdef HAVE_UNISTD_H
| # include <unistd.h>
| #endif
| int
| main ()
| {
| static int test_array [1 - 2 * !(((long int) (sizeof (size_t))) <= 1)];
| test_array [0] = 0;
| return test_array [0];
| 
|   ;
|   return 0;
| }
configure:12588: arm-linux-gcc -c -I./../../expat/lib  conftest.c >&5
conftest.c: In function 'main':
conftest.c:66:12: error: size of array 'test_array' is negative
configure:12588: $? = 1
configure: failed program was:
| /* confdefs.h */
| #define PACKAGE_NAME "klish"
| #define PACKAGE_TARNAME "klish"
| #define PACKAGE_VERSION "1.6.1"
| #define PACKAGE_STRING "klish 1.6.1"
| #define PACKAGE_BUGREPORT "serj.kalichev at gmail dot com"
| #define PACKAGE_URL ""
| #define STDC_HEADERS 1
| #define HAVE_SYS_TYPES_H 1
| #define HAVE_SYS_STAT_H 1
| #define HAVE_STDLIB_H 1
| #define HAVE_STRING_H 1
| #define HAVE_MEMORY_H 1
| #define HAVE_STRINGS_H 1
| #define HAVE_INTTYPES_H 1
| #define HAVE_STDINT_H 1
| #define HAVE_UNISTD_H 1
| #define __EXTENSIONS__ 1
| #define _ALL_SOURCE 1
| #define _GNU_SOURCE 1
| #define _POSIX_PTHREAD_SEMANTICS 1
| #define _TANDEM_SOURCE 1
| #define HAVE_DLFCN_H 1
| #define LT_OBJDIR ".libs/"
| #define PACKAGE "klish"
| #define VERSION "1.6.1"
| #define SIZEOF_INT 4
| #define SIZEOF_LONG 4
| /* end confdefs.h.  */
| #include <stdio.h>
| #ifdef HAVE_SYS_TYPES_H
| # include <sys/types.h>
| #endif
| #ifdef HAVE_SYS_STAT_H
| # include <sys/stat.h>
| #endif
| #ifdef STDC_HEADERS
| # include <stdlib.h>
| # include <stddef.h>
| #else
| # ifdef HAVE_STDLIB_H
| #  include <stdlib.h>
| # endif
| #endif
| #ifdef HAVE_STRING_H
| # if !defined STDC_HEADERS && defined HAVE_MEMORY_H
| #  include <memory.h>
| # endif
| # include <string.h>
| #endif
| #ifdef HAVE_STRINGS_H
| # include <strings.h>
| #endif
| #ifdef HAVE_INTTYPES_H
| # include <inttypes.h>
| #endif
| #ifdef HAVE_STDINT_H
| # include <stdint.h>
| #endif
| #ifdef HAVE_UNISTD_H
| # include <unistd.h>
| #endif
| int
| main ()
| {
| static int test_array [1 - 2 * !(((long int) (sizeof (size_t))) <= 3)];
| test_array [0] = 0;
| return test_array [0];
| 
|   ;
|   return 0;
| }
configure:12588: arm-linux-gcc -c -I./../../expat/lib  conftest.c >&5
configure:12588: $? = 0
configure:12588: arm-linux-gcc -c -I./../../expat/lib  conftest.c >&5
configure:12588: $? = 0
configure:12588: arm-linux-gcc -c -I./../../expat/lib  conftest.c >&5
configure:12588: $? = 0
configure:12602: result: 4
configure:12692: WARNING: No XML backend has been selected: auto check
configure:12725: checking for expat.h
configure:12725: arm-linux-gcc -c -I./../../expat/lib  conftest.c >&5
configure:12725: $? = 0
configure:12725: result: yes
configure:12744: checking for XML_ParserCreate in -lexpat
configure:12769: arm-linux-gcc -o conftest -I./../../expat/lib   conftest.c -lexpat   >&5
/home/bobo/buildroot-2012.08/output/host/usr/lib/gcc/arm-unknown-linux-uclibcgnueabi/4.5.4/../../../../arm-unknown-linux-uclibcgnueabi/bin/ld: cannot find -lexpat
collect2: ld returned 1 exit status
configure:12769: $? = 1
configure: failed program was:
| /* confdefs.h */
| #define PACKAGE_NAME "klish"
| #define PACKAGE_TARNAME "klish"
| #define PACKAGE_VERSION "1.6.1"
| #define PACKAGE_STRING "klish 1.6.1"
| #define PACKAGE_BUGREPORT "serj.kalichev at gmail dot com"
| #define PACKAGE_URL ""
| #define STDC_HEADERS 1
| #define HAVE_SYS_TYPES_H 1
| #define HAVE_SYS_STAT_H 1
| #define HAVE_STDLIB_H 1
| #define HAVE_STRING_H 1
| #define HAVE_MEMORY_H 1
| #define HAVE_STRINGS_H 1
| #define HAVE_INTTYPES_H 1
| #define HAVE_STDINT_H 1
| #define HAVE_UNISTD_H 1
| #define __EXTENSIONS__ 1
| #define _ALL_SOURCE 1
| #define _GNU_SOURCE 1
| #define _POSIX_PTHREAD_SEMANTICS 1
| #define _TANDEM_SOURCE 1
| #define HAVE_DLFCN_H 1
| #define LT_OBJDIR ".libs/"
| #define PACKAGE "klish"
| #define VERSION "1.6.1"
| #define SIZEOF_INT 4
| #define SIZEOF_LONG 4
| #define SIZEOF_SIZE_T 4
| /* end confdefs.h.  */
| 
| /* Override any GCC internal prototype to avoid an error.
|    Use char because int might match the return type of a GCC
|    builtin and then its argument prototype would still apply.  */
| #ifdef __cplusplus
| extern "C"
| #endif
| char XML_ParserCreate ();
| int
| main ()
| {
| return XML_ParserCreate ();
|   ;
|   return 0;
| }
configure:12778: result: no
configure:12788: WARNING: cannot find expat library
configure:13097: checking for libroxml support
configure:13099: result: no
configure:13226: checking for libxml2 support
configure:13228: result: no
configure:13237: I found a suitable XML backend: expat
configure:13248: checking for library containing socket
configure:13279: arm-linux-gcc -o conftest -I./../../expat/lib   conftest.c  >&5
configure:13279: $? = 0
configure:13296: result: none required
configure:13310: checking regex.h usability
configure:13310: arm-linux-gcc -c -I./../../expat/lib  conftest.c >&5
configure:13310: $? = 0
configure:13310: result: yes
configure:13310: checking regex.h presence
configure:13310: arm-linux-gcc -E  conftest.c
configure:13310: $? = 0
configure:13310: result: yes
configure:13310: checking for regex.h
configure:13310: result: yes
configure:13328: checking getopt.h usability
configure:13328: arm-linux-gcc -c -I./../../expat/lib  conftest.c >&5
configure:13328: $? = 0
configure:13328: result: yes
configure:13328: checking getopt.h presence
configure:13328: arm-linux-gcc -E  conftest.c
configure:13328: $? = 0
configure:13328: result: yes
configure:13328: checking for getopt.h
configure:13328: result: yes
configure:13347: checking locale.h usability
configure:13347: arm-linux-gcc -c -I./../../expat/lib  conftest.c >&5
configure:13347: $? = 0
configure:13347: result: yes
configure:13347: checking locale.h presence
configure:13347: arm-linux-gcc -E  conftest.c
configure:13347: $? = 0
configure:13347: result: yes
configure:13347: checking for locale.h
configure:13347: result: yes
configure:13365: checking for nl_langinfo and CODESET
configure:13381: arm-linux-gcc -o conftest -I./../../expat/lib   conftest.c  >&5
configure:13381: $? = 0
configure:13390: result: yes
configure:13404: checking pwd.h usability
configure:13404: arm-linux-gcc -c -I./../../expat/lib  conftest.c >&5
configure:13404: $? = 0
configure:13404: result: yes
configure:13404: checking pwd.h presence
configure:13404: arm-linux-gcc -E  conftest.c
configure:13404: $? = 0
configure:13404: result: yes
configure:13404: checking for pwd.h
configure:13404: result: yes
configure:13419: checking grp.h usability
configure:13419: arm-linux-gcc -c -I./../../expat/lib  conftest.c >&5
configure:13419: $? = 0
configure:13419: result: yes
configure:13419: checking grp.h presence
configure:13419: arm-linux-gcc -E  conftest.c
configure:13419: $? = 0
configure:13419: result: yes
configure:13419: checking for grp.h
configure:13419: result: yes
configure:13438: checking for chroot
configure:13438: arm-linux-gcc -o conftest -I./../../expat/lib   conftest.c  >&5
configure:13438: $? = 0
configure:13438: result: yes
configure:13562: checking that generated files are newer than configure
configure:13568: result: done
configure:13595: creating ./config.status

## ---------------------- ##
## Running config.status. ##
## ---------------------- ##

This file was extended by klish config.status 1.6.1, which was
generated by GNU Autoconf 2.69.  Invocation command line was

  CONFIG_FILES    = 
  CONFIG_HEADERS  = 
  CONFIG_LINKS    = 
  CONFIG_COMMANDS = 
  $ ./config.status 

on jiang

config.status:1099: creating Makefile
config.status:1099: creating config.h
config.status:1280: config.h is unchanged
config.status:1328: executing libtool commands
config.status:1328: executing depfiles commands

## ---------------- ##
## Cache variables. ##
## ---------------- ##

ac_cv_build=i686-pc-linux-gnu
ac_cv_c_compiler_gnu=yes
ac_cv_env_CC_set=
ac_cv_env_CC_value=
ac_cv_env_CFLAGS_set=set
ac_cv_env_CFLAGS_value=-I./../../expat/lib
ac_cv_env_CPPFLAGS_set=
ac_cv_env_CPPFLAGS_value=
ac_cv_env_CPP_set=
ac_cv_env_CPP_value=
ac_cv_env_LDFLAGS_set=
ac_cv_env_LDFLAGS_value=
ac_cv_env_LIBS_set=
ac_cv_env_LIBS_value=
ac_cv_env_build_alias_set=
ac_cv_env_build_alias_value=
ac_cv_env_host_alias_set=set
ac_cv_env_host_alias_value=arm-linux
ac_cv_env_target_alias_set=
ac_cv_env_target_alias_value=
ac_cv_func_chroot=yes
ac_cv_header_dlfcn_h=yes
ac_cv_header_expat_h=yes
ac_cv_header_getopt_h=yes
ac_cv_header_grp_h=yes
ac_cv_header_inttypes_h=yes
ac_cv_header_locale_h=yes
ac_cv_header_memory_h=yes
ac_cv_header_minix_config_h=no
ac_cv_header_pwd_h=yes
ac_cv_header_regex_h=yes
ac_cv_header_stdc=yes
ac_cv_header_stdint_h=yes
ac_cv_header_stdlib_h=yes
ac_cv_header_string_h=yes
ac_cv_header_strings_h=yes
ac_cv_header_sys_stat_h=yes
ac_cv_header_sys_types_h=yes
ac_cv_header_unistd_h=yes
ac_cv_host=arm-unknown-linux-gnu
ac_cv_lib_expat_XML_ParserCreate=no
ac_cv_objext=o
ac_cv_path_EGREP='/bin/grep -E'
ac_cv_path_FGREP='/bin/grep -F'
ac_cv_path_GREP=/bin/grep
ac_cv_path_SED=/bin/sed
ac_cv_path_install='/usr/bin/install -c'
ac_cv_path_mkdir=/bin/mkdir
ac_cv_prog_AR=arm-linux-ar
ac_cv_prog_AWK=gawk
ac_cv_prog_CC=arm-linux-gcc
ac_cv_prog_CPP='arm-linux-gcc -E'
ac_cv_prog_DLLTOOL=dlltool
ac_cv_prog_OBJDUMP=objdump
ac_cv_prog_RANLIB=arm-linux-ranlib
ac_cv_prog_STRIP=arm-linux-strip
ac_cv_prog_ac_ct_MANIFEST_TOOL=mt
ac_cv_prog_cc_arm_linux_gcc_c_o=yes
ac_cv_prog_cc_c89=
ac_cv_prog_cc_g=yes
ac_cv_prog_make_make_set=yes
ac_cv_safe_to_define___extensions__=yes
ac_cv_search_socket='none required'
ac_cv_sizeof_int=4
ac_cv_sizeof_long=4
ac_cv_sizeof_size_t=4
am_cv_CC_dependencies_compiler_type=gcc3
am_cv_langinfo_codeset=yes
lt_cv_ar_at_file=@
lt_cv_deplibs_check_method=pass_all
lt_cv_file_magic_cmd='$MAGIC_CMD'
lt_cv_file_magic_test_file=
lt_cv_ld_reload_flag=-r
lt_cv_nm_interface='BSD nm'
lt_cv_objdir=.libs
lt_cv_path_LD=/home/bobo/buildroot-2012.08/output/host/usr/arm-unknown-linux-uclibcgnueabi/bin/ld
lt_cv_path_NM='/home/bobo/buildroot-2012.08/output/host/usr/bin/arm-linux-nm -B'
lt_cv_path_mainfest_tool=no
lt_cv_prog_compiler_c_o=yes
lt_cv_prog_compiler_pic='-fPIC -DPIC'
lt_cv_prog_compiler_pic_works=yes
lt_cv_prog_compiler_rtti_exceptions=no
lt_cv_prog_compiler_static_works=yes
lt_cv_prog_gnu_ld=yes
lt_cv_sharedlib_from_linklib_cmd='printf %s\n'
lt_cv_shlibpath_overrides_runpath=no
lt_cv_sys_global_symbol_pipe='sed -n -e '\''s/^.*[	 ]\([ABCDGIRSTW][ABCDGIRSTW]*\)[	 ][	 ]*\([_A-Za-z][_A-Za-z0-9]*\)$/\1 \2 \2/p'\'' | sed '\''/ __gnu_lto/d'\'''
lt_cv_sys_global_symbol_to_c_name_address='sed -n -e '\''s/^: \([^ ]*\)[ ]*$/  {\"\1\", (void *) 0},/p'\'' -e '\''s/^[ABCDGIRSTW]* \([^ ]*\) \([^ ]*\)$/  {"\2", (void *) \&\2},/p'\'''
lt_cv_sys_global_symbol_to_c_name_address_lib_prefix='sed -n -e '\''s/^: \([^ ]*\)[ ]*$/  {\"\1\", (void *) 0},/p'\'' -e '\''s/^[ABCDGIRSTW]* \([^ ]*\) \(lib[^ ]*\)$/  {"\2", (void *) \&\2},/p'\'' -e '\''s/^[ABCDGIRSTW]* \([^ ]*\) \([^ ]*\)$/  {"lib\2", (void *) \&\2},/p'\'''
lt_cv_sys_global_symbol_to_cdecl='sed -n -e '\''s/^T .* \(.*\)$/extern int \1();/p'\'' -e '\''s/^[ABCDGIRSTW]* .* \(.*\)$/extern char \1;/p'\'''
lt_cv_sys_max_cmd_len=1572864
lt_cv_to_host_file_cmd=func_convert_file_noop
lt_cv_to_tool_file_cmd=func_convert_file_noop

## ----------------- ##
## Output variables. ##
## ----------------- ##

ACLOCAL='${SHELL} /home/jiang/armvisintsoft/cli/klish/aux_scripts/missing --run aclocal-1.12'
AMDEPBACKSLASH='\'
AMDEP_FALSE='#'
AMDEP_TRUE=''
AMTAR='$${TAR-tar}'
AR='arm-linux-ar'
AS='as'
AUTOCONF='${SHELL} /home/jiang/armvisintsoft/cli/klish/aux_scripts/missing --run autoconf'
AUTOHEADER='${SHELL} /home/jiang/armvisintsoft/cli/klish/aux_scripts/missing --run autoheader'
AUTOMAKE='${SHELL} /home/jiang/armvisintsoft/cli/klish/aux_scripts/missing --run automake-1.12'
AWK='gawk'
CC='arm-linux-gcc'
CCDEPMODE='depmode=gcc3'
CFLAGS='-I./../../expat/lib'
CPP='arm-linux-gcc -E'
CPPFLAGS=''
CYGPATH_W='echo'
DEBUG_FALSE=''
DEBUG_TRUE='#'
DEFS='-DHAVE_CONFIG_H'
DEPDIR='.deps'
DLLTOOL='dlltool'
DSYMUTIL=''
DUMPBIN=''
ECHO_C=''
ECHO_N='-n'
ECHO_T=''
EGREP='/bin/grep -E'
EXEEXT=''
FGREP='/bin/grep -F'
GREP='/bin/grep'
INSTALL_DATA='${INSTALL} -m 644'
INSTALL_PROGRAM='${INSTALL}'
INSTALL_SCRIPT='${INSTALL}'
INSTALL_STRIP_PROGRAM='$(install_sh) -c -s'
LD='/home/bobo/buildroot-2012.08/output/host/usr/arm-unknown-linux-uclibcgnueabi/bin/ld'
LDFLAGS=''
LIBOBJS=''
LIBS=''
LIBTOOL='$(SHELL) $(top_builddir)/libtool'
LIPO=''
LN_S='ln -s'
LTLIBOBJS=''
MAKEINFO='${SHELL} /home/jiang/armvisintsoft/cli/klish/aux_scripts/missing --run makeinfo'
MANIFEST_TOOL=':'
MKDIR_P='/bin/mkdir -p'
NM='/home/bobo/buildroot-2012.08/output/host/usr/bin/arm-linux-nm -B'
NMEDIT=''
OBJDUMP='objdump'
OBJEXT='o'
OTOOL64=''
OTOOL=''
PACKAGE='klish'
PACKAGE_BUGREPORT='serj.kalichev at gmail dot com'
PACKAGE_NAME='klish'
PACKAGE_STRING='klish 1.6.1'
PACKAGE_TARNAME='klish'
PACKAGE_URL=''
PACKAGE_VERSION='1.6.1'
PATH_SEPARATOR=':'
RANLIB='arm-linux-ranlib'
SED='/bin/sed'
SET_MAKE=''
SHELL='/bin/bash'
STRIP='arm-linux-strip'
VERSION='1.6.1'
XML_CFLAGS=''
XML_LDFLAGS=''
XML_LIBS='-lexpat'
ac_ct_AR=''
ac_ct_CC=''
ac_ct_DUMPBIN=''
am__EXEEXT_FALSE=''
am__EXEEXT_TRUE='#'
am__fastdepCC_FALSE='#'
am__fastdepCC_TRUE=''
am__include='include'
am__isrc=''
am__leading_dot='.'
am__nodep='_no'
am__quote=''
am__tar='$${TAR-tar} chof - "$$tardir"'
am__untar='$${TAR-tar} xf -'
bindir='${exec_prefix}/bin'
build='i686-pc-linux-gnu'
build_alias=''
build_cpu='i686'
build_os='linux-gnu'
build_vendor='pc'
datadir='${datarootdir}'
datarootdir='${prefix}/share'
docdir='${datarootdir}/doc/${PACKAGE_TARNAME}'
dvidir='${docdir}'
exec_prefix='${prefix}'
host='arm-unknown-linux-gnu'
host_alias='arm-linux'
host_cpu='arm'
host_os='linux-gnu'
host_vendor='unknown'
htmldir='${docdir}'
includedir='${prefix}/include'
infodir='${datarootdir}/info'
install_sh='${SHELL} /home/jiang/armvisintsoft/cli/klish/aux_scripts/install-sh'
libdir='${exec_prefix}/lib'
libexecdir='${exec_prefix}/libexec'
localedir='${datarootdir}/locale'
localstatedir='${prefix}/var'
mandir='${datarootdir}/man'
mkdir_p='$(MKDIR_P)'
oldincludedir='/usr/include'
pdfdir='${docdir}'
prefix='/usr/local'
program_transform_name='s,x,x,'
psdir='${docdir}'
sbindir='${exec_prefix}/sbin'
sharedstatedir='${prefix}/com'
sysconfdir='${prefix}/etc'
target_alias=''

## ----------- ##
## confdefs.h. ##
## ----------- ##

/* confdefs.h */
#define PACKAGE_NAME "klish"
#define PACKAGE_TARNAME "klish"
#define PACKAGE_VERSION "1.6.1"
#define PACKAGE_STRING "klish 1.6.1"
#define PACKAGE_BUGREPORT "serj.kalichev at gmail dot com"
#define PACKAGE_URL ""
#define STDC_HEADERS 1
#define HAVE_SYS_TYPES_H 1
#define HAVE_SYS_STAT_H 1
#define HAVE_STDLIB_H 1
#define HAVE_STRING_H 1
#define HAVE_MEMORY_H 1
#define HAVE_STRINGS_H 1
#define HAVE_INTTYPES_H 1
#define HAVE_STDINT_H 1
#define HAVE_UNISTD_H 1
#define __EXTENSIONS__ 1
#define _ALL_SOURCE 1
#define _GNU_SOURCE 1
#define _POSIX_PTHREAD_SEMANTICS 1
#define _TANDEM_SOURCE 1
#define HAVE_DLFCN_H 1
#define LT_OBJDIR ".libs/"
#define PACKAGE "klish"
#define VERSION "1.6.1"
#define SIZEOF_INT 4
#define SIZEOF_LONG 4
#define SIZEOF_SIZE_T 4
#define HAVE_LIB_EXPAT /**/
#define HAVE_REGEX_H 1
#define HAVE_GETOPT_H 1
#define HAVE_LOCALE_H 1
#define HAVE_LANGINFO_CODESET 1
#define HAVE_PWD_H 1
#define HAVE_GRP_H 1
#define HAVE_CHROOT 1

configure: exit 0
